TN:
SF:/Users/adam.fitzpatrick/play/mighty-runner-persist-lambda/index.js
FNF:0
FNH:0
DA:1,0
LF:1
LH:0
BRF:0
BRH:0
end_of_record
TN:
SF:/Users/adam.fitzpatrick/play/mighty-runner-persist-lambda/lib/persist-lambda.js
FN:3,(anonymous_0)
FN:14,(anonymous_1)
FN:20,(anonymous_2)
FN:29,(anonymous_3)
FN:42,(anonymous_4)
FN:48,(anonymous_5)
FN:49,(anonymous_6)
FN:52,(anonymous_7)
FN:61,(anonymous_8)
FN:68,(anonymous_9)
FNF:10
FNH:10
FNDA:4,(anonymous_0)
FNDA:4,(anonymous_1)
FNDA:6,(anonymous_2)
FNDA:5,(anonymous_3)
FNDA:5,(anonymous_4)
FNDA:4,(anonymous_5)
FNDA:1,(anonymous_6)
FNDA:4,(anonymous_7)
FNDA:6,(anonymous_8)
FNDA:1,(anonymous_9)
DA:1,4
DA:3,4
DA:4,4
DA:5,4
DA:14,4
DA:15,4
DA:16,1
DA:20,4
DA:21,6
DA:22,6
DA:24,1
DA:25,1
DA:29,4
DA:30,5
DA:31,5
DA:32,5
DA:33,5
DA:34,1
DA:35,1
DA:37,4
DA:39,5
DA:42,4
DA:43,5
DA:47,5
DA:48,4
DA:49,1
DA:52,4
DA:53,4
DA:55,4
DA:56,1
DA:59,3
DA:62,6
DA:63,1
DA:65,5
DA:68,1
DA:71,4
LF:36
LH:36
BRDA:15,0,0,1
BRDA:15,0,1,3
BRDA:15,1,0,4
BRDA:15,1,1,4
BRDA:15,1,2,3
BRDA:15,1,3,3
BRDA:15,1,4,3
BRDA:33,2,0,1
BRDA:33,2,1,4
BRDA:55,3,0,1
BRDA:55,3,1,3
BRDA:62,4,0,1
BRDA:62,4,1,5
BRF:13
BRH:13
end_of_record
